<?xml version="1.0" encoding="UTF-8"?>
<testsuite name="com.najmi.oreamnos.utils.ReadabilityUtilsTest" tests="6" skipped="0" failures="0" errors="0" timestamp="2026-03-06T10:23:55" hostname="NAJMI" time="0.006">
  <properties/>
  <testcase name="testCalculateFleschKincaidGradeLevel_NullAndEmpty" classname="com.najmi.oreamnos.utils.ReadabilityUtilsTest" time="0.002"/>
  <testcase name="testCountWords" classname="com.najmi.oreamnos.utils.ReadabilityUtilsTest" time="0.0"/>
  <testcase name="testCalculateFleschKincaidGradeLevel_NoTerminator" classname="com.najmi.oreamnos.utils.ReadabilityUtilsTest" time="0.0"/>
  <testcase name="testCalculateFleschKincaidGradeLevel_ComplexSentence" classname="com.najmi.oreamnos.utils.ReadabilityUtilsTest" time="0.001"/>
  <testcase name="testCalculateFleschKincaidGradeLevel_SimpleSentence" classname="com.najmi.oreamnos.utils.ReadabilityUtilsTest" time="0.0"/>
  <testcase name="testCalculateFleschKincaidGradeLevel_MultipleSentences" classname="com.najmi.oreamnos.utils.ReadabilityUtilsTest" time="0.001"/>
  <system-out><![CDATA[]]></system-out>
  <system-err><![CDATA[]]></system-err>
</testsuite>
